<?xml version="1.0" encoding="utf-8" standalone="no"?>
<!--This file represents the results of running a test suite-->
<test-results name="C:\projects\SportsStore\SportsStore.UnitTests\SportsStore.UnitTests.nunit" total="4" errors="0" failures="0" not-run="0" inconclusive="0" ignored="0" skipped="0" invalid="0" date="2014-07-09" time="20:24:04">
  <environment nunit-version="2.6.3.13283" clr-version="2.0.50727.6413" os-version="Microsoft Windows NT 6.2.9200.0" platform="Win32NT" cwd="C:\Program Files (x86)\NUnit 2.6.3\bin" machine-name="BURKE-DELL" user="Matt" user-domain="BURKE-DELL" />
  <culture-info current-culture="en-US" current-uiculture="en-US" />
  <test-suite type="Project" name="C:\projects\SportsStore\SportsStore.UnitTests\SportsStore.UnitTests.nunit" executed="True" result="Success" success="True" time="3.871" asserts="0">
    <results>
      <test-suite type="Assembly" name="C:\projects\SportsStore\SportsStore.UnitTests\bin\Debug\SportsStore.UnitTests.dll" executed="True" result="Success" success="True" time="3.840" asserts="0">
        <results>
          <test-suite type="Namespace" name="SportsStore" executed="True" result="Success" success="True" time="3.839" asserts="0">
            <results>
              <test-suite type="Namespace" name="UnitTests" executed="True" result="Success" success="True" time="3.839" asserts="0">
                <results>
                  <test-suite type="Namespace" name="Controllers" executed="True" result="Success" success="True" time="3.707" asserts="0">
                    <results>
                      <test-suite type="TestFixture" name="NavControllerTests" executed="True" result="Success" success="True" time="3.566" asserts="0">
                        <results>
                          <test-case name="SportsStore.UnitTests.Controllers.NavControllerTests.CanCreateCategories" executed="True" result="Success" success="True" time="3.544" asserts="1" />
                        </results>
                      </test-suite>
                      <test-suite type="TestFixture" name="ProductControllerTests" executed="True" result="Success" success="True" time="0.132" asserts="0">
                        <results>
                          <test-case name="SportsStore.UnitTests.Controllers.ProductControllerTests.CanFilterProducts" executed="True" result="Success" success="True" time="0.107" asserts="5" />
                          <test-case name="SportsStore.UnitTests.Controllers.ProductControllerTests.CanPaginate" executed="True" result="Success" success="True" time="0.017" asserts="7" />
                        </results>
                      </test-suite>
                    </results>
                  </test-suite>
                  <test-suite type="Namespace" name="HtmlHelpers" executed="True" result="Success" success="True" time="0.124" asserts="0">
                    <results>
                      <test-suite type="TestFixture" name="PagingHelpersTests" executed="True" result="Success" success="True" time="0.123" asserts="0">
                        <results>
                          <test-case name="SportsStore.UnitTests.HtmlHelpers.PagingHelpersTests.CanGeneratePageLinks" executed="True" result="Success" success="True" time="0.122" asserts="1" />
                        </results>
                      </test-suite>
                    </results>
                  </test-suite>
                </results>
              </test-suite>
            </results>
          </test-suite>
        </results>
      </test-suite>
    </results>
  </test-suite>
</test-results>